<?xml version="1.0" encoding="UTF-8"?>
<!-- Generated by org.testng.reporters.JUnitXMLReporter -->
<testsuite ignored="0" hostname="TYSS-Madhumitha" failures="0" tests="3" name="Test" time="0.153" errors="0" timestamp="2025-01-08T15:25:33 IST">
  <testcase classname="com.GroceryStore.DemoTest" name="demoTest" time="0.013"/>
  <testcase classname="com.GroceryStore.DemoTest" name="demoTest2" time="0.009"/>
  <testcase classname="com.GroceryStore.DummyTest" name="test" time="0.004"/>
</testsuite> <!-- Test -->
