<?xml version="1.0" encoding="UTF-8"?>
<testng-results ignored="0" total="1" passed="1" failed="0" skipped="0">
  <reporter-output>
  </reporter-output>
  <suite started-at="2025-03-12T10:42:49 IST" name="Default suite" finished-at="2025-03-12T10:44:25 IST" duration-ms="95981">
    <groups>
    </groups>
    <test started-at="2025-03-12T10:42:49 IST" name="Default test" finished-at="2025-03-12T10:44:25 IST" duration-ms="95981">
      <class name="com.groceryStore_appTest.PlaceOrderWithPaymentTest">
        <test-method is-config="true" signature="setup()[pri:0, instance:com.groceryStore_appTest.PlaceOrderWithPaymentTest@338fc1d8]" started-at="2025-03-12T10:42:49 IST" name="setup" finished-at="2025-03-12T10:43:09 IST" duration-ms="20894" status="PASS">
          <reporter-output>
          </reporter-output>
        </test-method> <!-- setup -->
        <test-method is-config="true" signature="login()[pri:0, instance:com.groceryStore_appTest.PlaceOrderWithPaymentTest@338fc1d8]" started-at="2025-03-12T10:43:09 IST" name="login" finished-at="2025-03-12T10:43:19 IST" duration-ms="9917" status="PASS">
          <reporter-output>
          </reporter-output>
        </test-method> <!-- login -->
        <test-method signature="placeOrderTest()[pri:0, instance:com.groceryStore_appTest.PlaceOrderWithPaymentTest@338fc1d8]" started-at="2025-03-12T10:43:19 IST" name="placeOrderTest" finished-at="2025-03-12T10:44:12 IST" duration-ms="52947" status="PASS">
          <reporter-output>
          </reporter-output>
        </test-method> <!-- placeOrderTest -->
        <test-method is-config="true" signature="logout()[pri:0, instance:com.groceryStore_appTest.PlaceOrderWithPaymentTest@338fc1d8]" started-at="2025-03-12T10:44:12 IST" name="logout" finished-at="2025-03-12T10:44:18 IST" duration-ms="5589" status="PASS">
          <reporter-output>
          </reporter-output>
        </test-method> <!-- logout -->
        <test-method is-config="true" signature="closeApp()[pri:0, instance:com.groceryStore_appTest.PlaceOrderWithPaymentTest@338fc1d8]" started-at="2025-03-12T10:44:18 IST" name="closeApp" finished-at="2025-03-12T10:44:25 IST" duration-ms="6545" status="PASS">
          <reporter-output>
          </reporter-output>
        </test-method> <!-- closeApp -->
      </class> <!-- com.groceryStore_appTest.PlaceOrderWithPaymentTest -->
    </test> <!-- Default test -->
  </suite> <!-- Default suite -->
</testng-results>
